<?xml version="1.0" encoding="UTF-8"?>
<!-- Generated by org.testng.reporters.JUnitReportReporter -->
<testsuite hostname="LAPTOP-1LT1OMLK" failures="0" tests="1" name="test.java.com.amazon.tests.SampleTest" time="5.345" errors="0" timestamp="2021-07-22T23:25:37 IST" skipped="0">
  <testcase classname="test.java.com.amazon.tests.SampleTest" name="sampleMethod1" time="5.345"/>
  <system-out/>
</testsuite> <!-- test.java.com.amazon.tests.SampleTest -->
